<?xml version="1.0" encoding="UTF-8"?>
<!-- Generated by org.testng.reporters.JUnitXMLReporter -->
<testsuite hostname="amaan-ROG-Strix-G531GD-G531GD" ignored="0" name="Command line test" tests="6" failures="0" timestamp="11 Jun 2021 13:42:23 GMT" time="0.014" errors="0">
  <testcase name="BrowserAutomation" time="0.003" classname="qaclickacademy.SeleniumTest"/>
  <testcase name="elementsUi" time="0.0" classname="qaclickacademy.SeleniumTest"/>
  <testcase name="deleteTwitter" time="0.0" classname="qaclickacademy.RESTAPITest"/>
  <testcase name="postJira" time="0.0" classname="qaclickacademy.RESTAPITest"/>
  <testcase name="IOSApps" time="0.0" classname="qaclickacademy.AppiumTest"/>
  <testcase name="NativeAppAndroid" time="0.0" classname="qaclickacademy.AppiumTest"/>
</testsuite> <!-- Command line test -->
