<?xml version="1.0" encoding="UTF-8"?>
<testng-results skipped="0" failed="0" ignored="0" total="2" passed="2">
  <reporter-output>
  </reporter-output>
  <suite name="Suite" duration-ms="12" started-at="2021-06-11T13:48:41Z" finished-at="2021-06-11T13:48:41Z">
    <groups>
    </groups>
    <test name="Test" duration-ms="12" started-at="2021-06-11T13:48:41Z" finished-at="2021-06-11T13:48:41Z">
      <class name="qaclickacademy.AppiumTest">
        <test-method status="PASS" signature="IOSApps()[pri:0, instance:qaclickacademy.AppiumTest@48503868]" name="IOSApps" duration-ms="4" started-at="2021-06-11T19:18:41Z" finished-at="2021-06-11T19:18:41Z">
          <reporter-output>
          </reporter-output>
        </test-method> <!-- IOSApps -->
        <test-method status="PASS" signature="NativeAppAndroid()[pri:0, instance:qaclickacademy.AppiumTest@48503868]" name="NativeAppAndroid" duration-ms="0" started-at="2021-06-11T19:18:41Z" finished-at="2021-06-11T19:18:41Z">
          <reporter-output>
          </reporter-output>
        </test-method> <!-- NativeAppAndroid -->
      </class> <!-- qaclickacademy.AppiumTest -->
    </test> <!-- Test -->
  </suite> <!-- Suite -->
</testng-results>
