<?xml version="1.0" encoding="UTF-8"?>
<testng-results ignored="0" total="2" passed="2" failed="0" skipped="0">
  <reporter-output>
  </reporter-output>
  <suite started-at="2021-06-03T22:32:32 IST" name="Suite" finished-at="2021-06-03T22:32:32 IST" duration-ms="29">
    <groups>
    </groups>
    <test started-at="2021-06-03T22:32:32 IST" name="Test" finished-at="2021-06-03T22:32:32 IST" duration-ms="29">
      <class name="qaclickacademy.AppiumTest">
        <test-method signature="IOSApps()[pri:0, instance:qaclickacademy.AppiumTest@212b5695]" started-at="2021-06-03T22:32:32 IST" name="IOSApps" finished-at="2021-06-03T22:32:32 IST" duration-ms="5" status="PASS">
          <reporter-output>
          </reporter-output>
        </test-method> <!-- IOSApps -->
        <test-method signature="NativeAppAndroid()[pri:0, instance:qaclickacademy.AppiumTest@212b5695]" started-at="2021-06-03T22:32:32 IST" name="NativeAppAndroid" finished-at="2021-06-03T22:32:32 IST" duration-ms="0" status="PASS">
          <reporter-output>
          </reporter-output>
        </test-method> <!-- NativeAppAndroid -->
      </class> <!-- qaclickacademy.AppiumTest -->
    </test> <!-- Test -->
  </suite> <!-- Suite -->
</testng-results>
